  debugproc.cpp
c:\users\hitomi\documents\project\directx9_projectsw\20180705_directx9_projectsw\debugproc.cpp(100): warning C4838: 'float' から 'LONG' への変換には縮小変換が必要です
c:\users\hitomi\documents\project\directx9_projectsw\20180705_directx9_projectsw\debugproc.cpp(100): warning C4244: '初期化中': 'float' から 'LONG' への変換です。データが失われる可能性があります。
c:\users\hitomi\documents\project\directx9_projectsw\20180705_directx9_projectsw\debugproc.cpp(153): warning C4996: 'sprintf': This function or variable may be unsafe. Consider using sprintf_s instead. To disable deprecation, use _CRT_SECURE_NO_WARNINGS. See online help for details.
  c:\program files (x86)\windows kits\10\include\10.0.10240.0\ucrt\stdio.h(1769): note: 'sprintf' の宣言を確認してください
c:\users\hitomi\documents\project\directx9_projectsw\20180705_directx9_projectsw\debugproc.cpp(163): warning C4996: 'sprintf': This function or variable may be unsafe. Consider using sprintf_s instead. To disable deprecation, use _CRT_SECURE_NO_WARNINGS. See online help for details.
  c:\program files (x86)\windows kits\10\include\10.0.10240.0\ucrt\stdio.h(1769): note: 'sprintf' の宣言を確認してください
c:\users\hitomi\documents\project\directx9_projectsw\20180705_directx9_projectsw\debugproc.cpp(168): warning C4996: 'sprintf': This function or variable may be unsafe. Consider using sprintf_s instead. To disable deprecation, use _CRT_SECURE_NO_WARNINGS. See online help for details.
  c:\program files (x86)\windows kits\10\include\10.0.10240.0\ucrt\stdio.h(1769): note: 'sprintf' の宣言を確認してください
c:\users\hitomi\documents\project\directx9_projectsw\20180705_directx9_projectsw\debugproc.cpp(173): warning C4996: 'sprintf': This function or variable may be unsafe. Consider using sprintf_s instead. To disable deprecation, use _CRT_SECURE_NO_WARNINGS. See online help for details.
  c:\program files (x86)\windows kits\10\include\10.0.10240.0\ucrt\stdio.h(1769): note: 'sprintf' の宣言を確認してください
c:\users\hitomi\documents\project\directx9_projectsw\20180705_directx9_projectsw\debugproc.cpp(178): warning C4996: 'sprintf': This function or variable may be unsafe. Consider using sprintf_s instead. To disable deprecation, use _CRT_SECURE_NO_WARNINGS. See online help for details.
  c:\program files (x86)\windows kits\10\include\10.0.10240.0\ucrt\stdio.h(1769): note: 'sprintf' の宣言を確認してください
c:\users\hitomi\documents\project\directx9_projectsw\20180705_directx9_projectsw\debugproc.cpp(183): warning C4996: 'sprintf': This function or variable may be unsafe. Consider using sprintf_s instead. To disable deprecation, use _CRT_SECURE_NO_WARNINGS. See online help for details.
  c:\program files (x86)\windows kits\10\include\10.0.10240.0\ucrt\stdio.h(1769): note: 'sprintf' の宣言を確認してください
c:\users\hitomi\documents\project\directx9_projectsw\20180705_directx9_projectsw\debugproc.cpp(188): warning C4996: 'sprintf': This function or variable may be unsafe. Consider using sprintf_s instead. To disable deprecation, use _CRT_SECURE_NO_WARNINGS. See online help for details.
  c:\program files (x86)\windows kits\10\include\10.0.10240.0\ucrt\stdio.h(1769): note: 'sprintf' の宣言を確認してください
c:\users\hitomi\documents\project\directx9_projectsw\20180705_directx9_projectsw\debugproc.cpp(192): warning C4996: 'sprintf': This function or variable may be unsafe. Consider using sprintf_s instead. To disable deprecation, use _CRT_SECURE_NO_WARNINGS. See online help for details.
  c:\program files (x86)\windows kits\10\include\10.0.10240.0\ucrt\stdio.h(1769): note: 'sprintf' の宣言を確認してください
c:\users\hitomi\documents\project\directx9_projectsw\20180705_directx9_projectsw\debugproc.cpp(196): warning C4996: 'strcat': This function or variable may be unsafe. Consider using strcat_s instead. To disable deprecation, use _CRT_SECURE_NO_WARNINGS. See online help for details.
  c:\program files (x86)\windows kits\10\include\10.0.10240.0\ucrt\string.h(90): note: 'strcat' の宣言を確認してください
c:\users\hitomi\documents\project\directx9_projectsw\20180705_directx9_projectsw\debugproc.cpp(205): warning C4996: 'strcat': This function or variable may be unsafe. Consider using strcat_s instead. To disable deprecation, use _CRT_SECURE_NO_WARNINGS. See online help for details.
  c:\program files (x86)\windows kits\10\include\10.0.10240.0\ucrt\string.h(90): note: 'strcat' の宣言を確認してください
  20180705_DirectX9_ProjectSW.vcxproj -> C:\Users\Hitomi\Documents\project\DirectX9_ProjectSW\Debug\20180705_DirectX9_ProjectSW.exe
  20180705_DirectX9_ProjectSW.vcxproj -> C:\Users\Hitomi\Documents\project\DirectX9_ProjectSW\Debug\20180705_DirectX9_ProjectSW.pdb (Full PDB)
